[1.150s] DEBUG:colcon:Command line arguments: ['/usr/bin/colcon', 'build', '--packages-select', 'py_pubsub']
[1.150s] DEBUG:colcon:Parsed command line arguments: Namespace(log_base=None, log_level=None, verb_name='build', build_base='build', install_base='install', merge_install=False, symlink_install=False, test_result_base=None, continue_on_error=False, executor='parallel', parallel_workers=12, event_handlers=None, ignore_user_meta=False, metas=['./colcon.meta'], base_paths=['.'], packages_ignore=None, packages_ignore_regex=None, paths=None, packages_up_to=None, packages_up_to_regex=None, packages_above=None, packages_above_and_dependencies=None, packages_above_depth=None, packages_select_by_dep=None, packages_skip_by_dep=None, packages_skip_up_to=None, packages_select_build_failed=False, packages_skip_build_finished=False, packages_select_test_failures=False, packages_skip_test_passed=False, packages_select=['py_pubsub'], packages_skip=None, packages_select_regex=None, packages_skip_regex=None, packages_start=None, packages_end=None, cmake_args=None, cmake_target=None, cmake_target_skip_unavailable=False, cmake_clean_cache=False, cmake_clean_first=False, cmake_force_configure=False, ament_cmake_args=None, catkin_cmake_args=None, catkin_skip_building_tests=False, mixin_files=None, mixin=None, verb_parser=<colcon_mixin.mixin.mixin_argument.MixinArgumentDecorator object at 0x7fc9d30deef0>, verb_extension=<colcon_core.verb.build.BuildVerb object at 0x7fc9d30de980>, main=<bound method BuildVerb.main of <colcon_core.verb.build.BuildVerb object at 0x7fc9d30de980>>, mixin_verb=('build',))
[1.198s] Level 1:colcon.colcon_core.package_discovery:discover_packages(colcon_meta) check parameters
[1.199s] Level 1:colcon.colcon_core.package_discovery:discover_packages(recursive) check parameters
[1.199s] Level 1:colcon.colcon_core.package_discovery:discover_packages(ignore) check parameters
[1.199s] Level 1:colcon.colcon_core.package_discovery:discover_packages(path) check parameters
[1.199s] Level 1:colcon.colcon_core.package_discovery:discover_packages(colcon_meta) discover
[1.199s] Level 1:colcon.colcon_core.package_discovery:discover_packages(recursive) discover
[1.199s] INFO:colcon.colcon_core.package_discovery:Crawling recursively for packages in '/workspaces/ros2-ws-main'
[1.199s] Level 1:colcon.colcon_core.package_identification:_identify(.) by extensions ['ignore', 'ignore_ament_install']
[1.199s] Level 1:colcon.colcon_core.package_identification:_identify(.) by extension 'ignore'
[1.199s] Level 1:colcon.colcon_core.package_identification:_identify(.) by extension 'ignore_ament_install'
[1.199s] Level 1:colcon.colcon_core.package_identification:_identify(.) by extensions ['colcon_pkg']
[1.199s] Level 1:colcon.colcon_core.package_identification:_identify(.) by extension 'colcon_pkg'
[1.199s] Level 1:colcon.colcon_core.package_identification:_identify(.) by extensions ['colcon_meta']
[1.199s] Level 1:colcon.colcon_core.package_identification:_identify(.) by extension 'colcon_meta'
[1.199s] Level 1:colcon.colcon_core.package_identification:_identify(.) by extensions ['ros']
[1.199s] Level 1:colcon.colcon_core.package_identification:_identify(.) by extension 'ros'
[1.209s] Level 1:colcon.colcon_core.package_identification:_identify(.) by extensions ['cmake', 'python']
[1.209s] Level 1:colcon.colcon_core.package_identification:_identify(.) by extension 'cmake'
[1.209s] Level 1:colcon.colcon_core.package_identification:_identify(.) by extension 'python'
[1.209s] Level 1:colcon.colcon_core.package_identification:_identify(.) by extensions ['python_setup_py']
[1.209s] Level 1:colcon.colcon_core.package_identification:_identify(.) by extension 'python_setup_py'
[1.209s] Level 1:colcon.colcon_core.package_identification:_identify(build) by extensions ['ignore', 'ignore_ament_install']
[1.209s] Level 1:colcon.colcon_core.package_identification:_identify(build) by extension 'ignore'
[1.210s] Level 1:colcon.colcon_core.package_identification:_identify(build) ignored
[1.210s] Level 1:colcon.colcon_core.package_identification:_identify(install) by extensions ['ignore', 'ignore_ament_install']
[1.210s] Level 1:colcon.colcon_core.package_identification:_identify(install) by extension 'ignore'
[1.210s] Level 1:colcon.colcon_core.package_identification:_identify(install) ignored
[1.210s] Level 1:colcon.colcon_core.package_identification:_identify(log) by extensions ['ignore', 'ignore_ament_install']
[1.210s] Level 1:colcon.colcon_core.package_identification:_identify(log) by extension 'ignore'
[1.210s] Level 1:colcon.colcon_core.package_identification:_identify(log) ignored
[1.210s] Level 1:colcon.colcon_core.package_identification:_identify(src) by extensions ['ignore', 'ignore_ament_install']
[1.210s] Level 1:colcon.colcon_core.package_identification:_identify(src) by extension 'ignore'
[1.210s] Level 1:colcon.colcon_core.package_identification:_identify(src) by extension 'ignore_ament_install'
[1.210s] Level 1:colcon.colcon_core.package_identification:_identify(src) by extensions ['colcon_pkg']
[1.210s] Level 1:colcon.colcon_core.package_identification:_identify(src) by extension 'colcon_pkg'
[1.210s] Level 1:colcon.colcon_core.package_identification:_identify(src) by extensions ['colcon_meta']
[1.210s] Level 1:colcon.colcon_core.package_identification:_identify(src) by extension 'colcon_meta'
[1.210s] Level 1:colcon.colcon_core.package_identification:_identify(src) by extensions ['ros']
[1.210s] Level 1:colcon.colcon_core.package_identification:_identify(src) by extension 'ros'
[1.210s] Level 1:colcon.colcon_core.package_identification:_identify(src) by extensions ['cmake', 'python']
[1.210s] Level 1:colcon.colcon_core.package_identification:_identify(src) by extension 'cmake'
[1.210s] Level 1:colcon.colcon_core.package_identification:_identify(src) by extension 'python'
[1.210s] Level 1:colcon.colcon_core.package_identification:_identify(src) by extensions ['python_setup_py']
[1.210s] Level 1:colcon.colcon_core.package_identification:_identify(src) by extension 'python_setup_py'
[1.210s] Level 1:colcon.colcon_core.package_identification:_identify(src/py_pubsub) by extensions ['ignore', 'ignore_ament_install']
[1.210s] Level 1:colcon.colcon_core.package_identification:_identify(src/py_pubsub) by extension 'ignore'
[1.210s] Level 1:colcon.colcon_core.package_identification:_identify(src/py_pubsub) by extension 'ignore_ament_install'
[1.210s] Level 1:colcon.colcon_core.package_identification:_identify(src/py_pubsub) by extensions ['colcon_pkg']
[1.211s] Level 1:colcon.colcon_core.package_identification:_identify(src/py_pubsub) by extension 'colcon_pkg'
[1.211s] Level 1:colcon.colcon_core.package_identification:_identify(src/py_pubsub) by extensions ['colcon_meta']
[1.211s] Level 1:colcon.colcon_core.package_identification:_identify(src/py_pubsub) by extension 'colcon_meta'
[1.211s] Level 1:colcon.colcon_core.package_identification:_identify(src/py_pubsub) by extensions ['ros']
[1.211s] Level 1:colcon.colcon_core.package_identification:_identify(src/py_pubsub) by extension 'ros'
[1.221s] DEBUG:colcon.colcon_core.package_identification:Package 'src/py_pubsub' with type 'ros.ament_python' and name 'py_pubsub'
[1.221s] Level 1:colcon.colcon_core.package_discovery:discover_packages(recursive) using defaults
[1.221s] Level 1:colcon.colcon_core.package_discovery:discover_packages(ignore) discover
[1.221s] Level 1:colcon.colcon_core.package_discovery:discover_packages(ignore) using defaults
[1.221s] Level 1:colcon.colcon_core.package_discovery:discover_packages(path) discover
[1.221s] Level 1:colcon.colcon_core.package_discovery:discover_packages(path) using defaults
[1.291s] Level 5:colcon.colcon_core.verb:set package 'py_pubsub' build argument 'cmake_args' from command line to 'None'
[1.291s] Level 5:colcon.colcon_core.verb:set package 'py_pubsub' build argument 'cmake_target' from command line to 'None'
[1.291s] Level 5:colcon.colcon_core.verb:set package 'py_pubsub' build argument 'cmake_target_skip_unavailable' from command line to 'False'
[1.291s] Level 5:colcon.colcon_core.verb:set package 'py_pubsub' build argument 'cmake_clean_cache' from command line to 'False'
[1.291s] Level 5:colcon.colcon_core.verb:set package 'py_pubsub' build argument 'cmake_clean_first' from command line to 'False'
[1.291s] Level 5:colcon.colcon_core.verb:set package 'py_pubsub' build argument 'cmake_force_configure' from command line to 'False'
[1.291s] Level 5:colcon.colcon_core.verb:set package 'py_pubsub' build argument 'ament_cmake_args' from command line to 'None'
[1.291s] Level 5:colcon.colcon_core.verb:set package 'py_pubsub' build argument 'catkin_cmake_args' from command line to 'None'
[1.291s] Level 5:colcon.colcon_core.verb:set package 'py_pubsub' build argument 'catkin_skip_building_tests' from command line to 'False'
[1.291s] DEBUG:colcon.colcon_core.verb:Building package 'py_pubsub' with the following arguments: {'ament_cmake_args': None, 'build_base': '/workspaces/ros2-ws-main/build/py_pubsub', 'catkin_cmake_args': None, 'catkin_skip_building_tests': False, 'cmake_args': None, 'cmake_clean_cache': False, 'cmake_clean_first': False, 'cmake_force_configure': False, 'cmake_target': None, 'cmake_target_skip_unavailable': False, 'install_base': '/workspaces/ros2-ws-main/install/py_pubsub', 'merge_install': False, 'path': '/workspaces/ros2-ws-main/src/py_pubsub', 'symlink_install': False, 'test_result_base': None}
[1.300s] INFO:colcon.colcon_core.executor:Executing jobs using 'parallel' executor
[1.311s] DEBUG:colcon.colcon_parallel_executor.executor.parallel:run_until_complete
[1.311s] INFO:colcon.colcon_ros.task.ament_python.build:Building ROS package in '/workspaces/ros2-ws-main/src/py_pubsub' with build type 'ament_python'
[1.311s] Level 1:colcon.colcon_core.shell:create_environment_hook('py_pubsub', 'ament_prefix_path')
[1.331s] INFO:colcon.colcon_core.plugin_system:Skipping extension 'colcon_core.shell.bat': Not used on non-Windows systems
[1.333s] INFO:colcon.colcon_core.shell:Creating environment hook '/workspaces/ros2-ws-main/install/py_pubsub/share/py_pubsub/hook/ament_prefix_path.ps1'
[1.334s] INFO:colcon.colcon_core.shell:Creating environment descriptor '/workspaces/ros2-ws-main/install/py_pubsub/share/py_pubsub/hook/ament_prefix_path.dsv'
[1.334s] INFO:colcon.colcon_core.shell:Creating environment hook '/workspaces/ros2-ws-main/install/py_pubsub/share/py_pubsub/hook/ament_prefix_path.sh'
[1.356s] INFO:colcon.colcon_core.shell:Skip shell extension 'powershell' for command environment: Not usable outside of PowerShell
[1.356s] DEBUG:colcon.colcon_core.shell:Skip shell extension 'dsv' for command environment
[1.692s] INFO:colcon.colcon_core.task.python.build:Building Python package in '/workspaces/ros2-ws-main/src/py_pubsub'
[1.703s] INFO:colcon.colcon_core.shell:Skip shell extension 'powershell' for command environment: Not usable outside of PowerShell
[1.703s] DEBUG:colcon.colcon_core.shell:Skip shell extension 'dsv' for command environment
[2.273s] DEBUG:colcon.colcon_core.event_handler.log_command:Invoking command in '/workspaces/ros2-ws-main/src/py_pubsub': PYTHONPATH=/workspaces/ros2-ws-main/build/py_pubsub/prefix_override:/workspaces/ros2-ws-main/install/py_pubsub/lib/python3.10/site-packages:${PYTHONPATH} /usr/bin/python3 setup.py egg_info --egg-base ../../build/py_pubsub build --build-base /workspaces/ros2-ws-main/build/py_pubsub/build install --record /workspaces/ros2-ws-main/build/py_pubsub/install.log --single-version-externally-managed
[2.578s] DEBUG:colcon.colcon_core.event_handler.log_command:Invoked command in '/workspaces/ros2-ws-main/src/py_pubsub' returned '0': PYTHONPATH=/workspaces/ros2-ws-main/build/py_pubsub/prefix_override:/workspaces/ros2-ws-main/install/py_pubsub/lib/python3.10/site-packages:${PYTHONPATH} /usr/bin/python3 setup.py egg_info --egg-base ../../build/py_pubsub build --build-base /workspaces/ros2-ws-main/build/py_pubsub/build install --record /workspaces/ros2-ws-main/build/py_pubsub/install.log --single-version-externally-managed
[2.598s] Level 1:colcon.colcon_core.environment:checking '/workspaces/ros2-ws-main/install/py_pubsub' for CMake module files
[2.599s] Level 1:colcon.colcon_core.environment:checking '/workspaces/ros2-ws-main/install/py_pubsub' for CMake config files
[2.599s] Level 1:colcon.colcon_core.environment:checking '/workspaces/ros2-ws-main/install/py_pubsub/lib'
[2.599s] Level 1:colcon.colcon_core.environment:checking '/workspaces/ros2-ws-main/install/py_pubsub/bin'
[2.599s] Level 1:colcon.colcon_core.environment:checking '/workspaces/ros2-ws-main/install/py_pubsub/lib/pkgconfig/py_pubsub.pc'
[2.600s] Level 1:colcon.colcon_core.environment:checking '/workspaces/ros2-ws-main/install/py_pubsub/lib/python3.10/site-packages'
[2.600s] Level 1:colcon.colcon_core.shell:create_environment_hook('py_pubsub', 'pythonpath')
[2.609s] INFO:colcon.colcon_core.shell:Creating environment hook '/workspaces/ros2-ws-main/install/py_pubsub/share/py_pubsub/hook/pythonpath.ps1'
[2.610s] INFO:colcon.colcon_core.shell:Creating environment descriptor '/workspaces/ros2-ws-main/install/py_pubsub/share/py_pubsub/hook/pythonpath.dsv'
[2.610s] INFO:colcon.colcon_core.shell:Creating environment hook '/workspaces/ros2-ws-main/install/py_pubsub/share/py_pubsub/hook/pythonpath.sh'
[2.610s] Level 1:colcon.colcon_core.environment:checking '/workspaces/ros2-ws-main/install/py_pubsub/bin'
[2.610s] Level 1:colcon.colcon_core.environment:create_environment_scripts_only(py_pubsub)
[2.620s] INFO:colcon.colcon_core.shell:Creating package script '/workspaces/ros2-ws-main/install/py_pubsub/share/py_pubsub/package.ps1'
[2.621s] INFO:colcon.colcon_core.shell:Creating package descriptor '/workspaces/ros2-ws-main/install/py_pubsub/share/py_pubsub/package.dsv'
[2.621s] INFO:colcon.colcon_core.shell:Creating package script '/workspaces/ros2-ws-main/install/py_pubsub/share/py_pubsub/package.sh'
[2.622s] INFO:colcon.colcon_core.shell:Creating package script '/workspaces/ros2-ws-main/install/py_pubsub/share/py_pubsub/package.bash'
[2.622s] INFO:colcon.colcon_core.shell:Creating package script '/workspaces/ros2-ws-main/install/py_pubsub/share/py_pubsub/package.zsh'
[2.623s] Level 1:colcon.colcon_core.environment:create_file_with_runtime_dependencies(/workspaces/ros2-ws-main/install/py_pubsub/share/colcon-core/packages/py_pubsub)
[2.623s] DEBUG:colcon.colcon_parallel_executor.executor.parallel:closing loop
[2.623s] DEBUG:colcon.colcon_parallel_executor.executor.parallel:loop closed
[2.623s] DEBUG:colcon.colcon_parallel_executor.executor.parallel:run_until_complete finished with '0'
[2.623s] DEBUG:colcon.colcon_core.event_reactor:joining thread
[2.649s] INFO:colcon.colcon_core.plugin_system:Skipping extension 'colcon_notification.desktop_notification.notify_send': Could not find 'notify-send'
[2.649s] INFO:colcon.colcon_core.plugin_system:Skipping extension 'colcon_notification.desktop_notification.terminal_notifier': Not used on non-Darwin systems
[2.649s] INFO:colcon.colcon_core.plugin_system:Skipping extension 'colcon_notification.desktop_notification.win32': Not used on non-Windows systems
[2.649s] INFO:colcon.colcon_notification.desktop_notification:Sending desktop notification using 'notify2'
[2.664s] DEBUG:colcon.colcon_notification.desktop_notification.notify2:Failed to initialize notify2: org.freedesktop.DBus.Error.ServiceUnknown: The name org.freedesktop.Notifications was not provided by any .service files
[2.665s] DEBUG:colcon.colcon_core.event_reactor:joined thread
[2.686s] INFO:colcon.colcon_core.shell:Creating prefix script '/workspaces/ros2-ws-main/install/local_setup.ps1'
[2.687s] INFO:colcon.colcon_core.shell:Creating prefix util module '/workspaces/ros2-ws-main/install/_local_setup_util_ps1.py'
[2.688s] INFO:colcon.colcon_core.shell:Creating prefix chain script '/workspaces/ros2-ws-main/install/setup.ps1'
[2.699s] INFO:colcon.colcon_core.shell:Creating prefix script '/workspaces/ros2-ws-main/install/local_setup.sh'
[2.699s] INFO:colcon.colcon_core.shell:Creating prefix util module '/workspaces/ros2-ws-main/install/_local_setup_util_sh.py'
[2.700s] INFO:colcon.colcon_core.shell:Creating prefix chain script '/workspaces/ros2-ws-main/install/setup.sh'
[2.710s] INFO:colcon.colcon_core.shell:Creating prefix script '/workspaces/ros2-ws-main/install/local_setup.bash'
[2.710s] INFO:colcon.colcon_core.shell:Creating prefix chain script '/workspaces/ros2-ws-main/install/setup.bash'
[2.722s] INFO:colcon.colcon_core.shell:Creating prefix script '/workspaces/ros2-ws-main/install/local_setup.zsh'
[2.724s] INFO:colcon.colcon_core.shell:Creating prefix chain script '/workspaces/ros2-ws-main/install/setup.zsh'
