[0.897s] Invoking command in '/workspaces/ros2-ws-main/src/py_pubsub': PYTHONPATH=/workspaces/ros2-ws-main/build/py_pubsub/prefix_override:/workspaces/ros2-ws-main/install/py_pubsub/lib/python3.10/site-packages:${PYTHONPATH} /usr/bin/python3 setup.py egg_info --egg-base ../../build/py_pubsub build --build-base /workspaces/ros2-ws-main/build/py_pubsub/build install --record /workspaces/ros2-ws-main/build/py_pubsub/install.log --single-version-externally-managed
[1.156s] running egg_info
[1.156s] writing ../../build/py_pubsub/py_pubsub.egg-info/PKG-INFO
[1.157s] writing dependency_links to ../../build/py_pubsub/py_pubsub.egg-info/dependency_links.txt
[1.157s] writing entry points to ../../build/py_pubsub/py_pubsub.egg-info/entry_points.txt
[1.157s] writing requirements to ../../build/py_pubsub/py_pubsub.egg-info/requires.txt
[1.157s] writing top-level names to ../../build/py_pubsub/py_pubsub.egg-info/top_level.txt
[1.158s] reading manifest file '../../build/py_pubsub/py_pubsub.egg-info/SOURCES.txt'
[1.159s] adding license file 'LICENSE'
[1.159s] writing manifest file '../../build/py_pubsub/py_pubsub.egg-info/SOURCES.txt'
[1.159s] running build
[1.159s] running build_py
[1.159s] copying py_pubsub/publisher_member_function.py -> /workspaces/ros2-ws-main/build/py_pubsub/build/lib/py_pubsub
[1.159s] running install
[1.159s] /usr/lib/python3/dist-packages/setuptools/command/install.py:34: SetuptoolsDeprecationWarning: setup.py install is deprecated. Use build and pip and other standards-based tools.
[1.160s]   warnings.warn(
[1.160s] running install_lib
[1.160s] copying /workspaces/ros2-ws-main/build/py_pubsub/build/lib/py_pubsub/publisher_member_function.py -> /workspaces/ros2-ws-main/install/py_pubsub/lib/python3.10/site-packages/py_pubsub
[1.161s] byte-compiling /workspaces/ros2-ws-main/install/py_pubsub/lib/python3.10/site-packages/py_pubsub/publisher_member_function.py to publisher_member_function.cpython-310.pyc
[1.161s] running install_data
[1.161s] running install_egg_info
[1.163s] removing '/workspaces/ros2-ws-main/install/py_pubsub/lib/python3.10/site-packages/py_pubsub-0.0.0-py3.10.egg-info' (and everything under it)
[1.163s] Copying ../../build/py_pubsub/py_pubsub.egg-info to /workspaces/ros2-ws-main/install/py_pubsub/lib/python3.10/site-packages/py_pubsub-0.0.0-py3.10.egg-info
[1.163s] running install_scripts
[1.178s] Installing listener script to /workspaces/ros2-ws-main/install/py_pubsub/lib/py_pubsub
[1.178s] Installing talker script to /workspaces/ros2-ws-main/install/py_pubsub/lib/py_pubsub
[1.178s] writing list of installed files to '/workspaces/ros2-ws-main/build/py_pubsub/install.log'
[1.225s] Invoked command in '/workspaces/ros2-ws-main/src/py_pubsub' returned '0': PYTHONPATH=/workspaces/ros2-ws-main/build/py_pubsub/prefix_override:/workspaces/ros2-ws-main/install/py_pubsub/lib/python3.10/site-packages:${PYTHONPATH} /usr/bin/python3 setup.py egg_info --egg-base ../../build/py_pubsub build --build-base /workspaces/ros2-ws-main/build/py_pubsub/build install --record /workspaces/ros2-ws-main/build/py_pubsub/install.log --single-version-externally-managed
